\BOOKMARK [0][-]{chapter.1}{\376\377\000I\000n\000t\000r\000o\000d\000u\000c\000t\000i\000o\000n}{}% 1
\BOOKMARK [1][-]{section.1.1}{\376\377\000B\000a\000c\000k\000g\000r\000o\000u\000n\000d}{chapter.1}% 2
\BOOKMARK [1][-]{section.1.2}{\376\377\000P\000r\000o\000b\000l\000e\000m\000\040\000S\000t\000a\000t\000e\000m\000e\000n\000t}{chapter.1}% 3
\BOOKMARK [1][-]{section.1.3}{\376\377\000R\000e\000s\000e\000a\000r\000c\000h\000\040\000Q\000u\000e\000s\000t\000i\000o\000n\000s}{chapter.1}% 4
\BOOKMARK [1][-]{section.1.4}{\376\377\000C\000o\000n\000t\000r\000i\000b\000u\000t\000i\000o\000n\000s}{chapter.1}% 5
\BOOKMARK [1][-]{section.1.5}{\376\377\000E\000t\000h\000i\000c\000a\000l\000\040\000C\000o\000n\000s\000i\000d\000e\000r\000a\000t\000i\000o\000n\000s\000\040\000a\000n\000d\000\040\000D\000u\000a\000l\000-\000U\000s\000e}{chapter.1}% 6
\BOOKMARK [1][-]{section.1.6}{\376\377\000T\000h\000e\000s\000i\000s\000\040\000O\000u\000t\000l\000i\000n\000e}{chapter.1}% 7
\BOOKMARK [0][-]{chapter.2}{\376\377\000R\000e\000l\000a\000t\000e\000d\000\040\000W\000o\000r\000k}{}% 8
\BOOKMARK [1][-]{section.2.1}{\376\377\000R\000e\000a\000l\000-\000T\000i\000m\000e\000\040\000O\000b\000j\000e\000c\000t\000\040\000D\000e\000t\000e\000c\000t\000i\000o\000n}{chapter.2}% 9
\BOOKMARK [1][-]{section.2.2}{\376\377\000D\000r\000o\000n\000e\000\040\000D\000e\000t\000e\000c\000t\000i\000o\000n\000\040\000a\000n\000d\000\040\000t\000h\000e\000\040\000C\000o\000n\000f\000u\000s\000e\000r\000\040\000P\000r\000o\000b\000l\000e\000m}{chapter.2}% 10
\BOOKMARK [1][-]{section.2.3}{\376\377\000T\000h\000e\000r\000m\000a\000l\000\040\000I\000n\000f\000r\000a\000r\000e\000d\000\040\000I\000m\000a\000g\000i\000n\000g}{chapter.2}% 11
\BOOKMARK [1][-]{section.2.4}{\376\377\000M\000u\000l\000t\000i\000-\000M\000o\000d\000a\000l\000\040\000F\000u\000s\000i\000o\000n\000\040\000a\000n\000d\000\040\000H\000a\000r\000d\000-\000N\000e\000g\000a\000t\000i\000v\000e\000\040\000M\000i\000n\000i\000n\000g}{chapter.2}% 12
\BOOKMARK [1][-]{section.2.5}{\376\377\000D\000e\000t\000e\000c\000t\000i\000o\000n\000\040\000S\000c\000o\000r\000i\000n\000g}{chapter.2}% 13
\BOOKMARK [1][-]{section.2.6}{\376\377\000C\000r\000o\000s\000s\000-\000M\000o\000d\000a\000l\000\040\000T\000r\000a\000n\000s\000f\000e\000r\000\040\000a\000n\000d\000\040\000C\000a\000s\000c\000a\000d\000e\000d\000\040\000R\000e\000j\000e\000c\000t\000i\000o\000n}{chapter.2}% 14
\BOOKMARK [1][-]{section.2.7}{\376\377\000M\000o\000d\000e\000l\000-\000A\000s\000s\000i\000s\000t\000e\000d\000\040\000A\000n\000n\000o\000t\000a\000t\000i\000o\000n\000\040\000a\000n\000d\000\040\000D\000a\000t\000a\000-\000C\000e\000n\000t\000r\000i\000c\000\040\000D\000e\000v\000e\000l\000o\000p\000m\000e\000n\000t}{chapter.2}% 15
\BOOKMARK [1][-]{section.2.8}{\376\377\000P\000r\000o\000b\000i\000n\000g\000\040\000a\000n\000d\000\040\000R\000e\000u\000s\000i\000n\000g\000\040\000D\000e\000t\000e\000c\000t\000o\000r\000\040\000R\000e\000p\000r\000e\000s\000e\000n\000t\000a\000t\000i\000o\000n\000s}{chapter.2}% 16
\BOOKMARK [1][-]{section.2.9}{\376\377\000C\000o\000m\000p\000a\000r\000i\000s\000o\000n\000\040\000t\000o\000\040\000P\000r\000i\000o\000r\000\040\000W\000o\000r\000k}{chapter.2}% 17
\BOOKMARK [2][-]{subsection.2.9.1}{\376\377\000A\000r\000c\000h\000i\000t\000e\000c\000t\000u\000r\000a\000l\000\040\000C\000o\000m\000p\000a\000r\000i\000s\000o\000n}{section.2.9}% 18
\BOOKMARK [2][-]{subsection.2.9.2}{\376\377\000N\000u\000m\000e\000r\000i\000c\000a\000l\000\040\000C\000o\000m\000p\000a\000r\000i\000s\000o\000n}{section.2.9}% 19
\BOOKMARK [0][-]{chapter.3}{\376\377\000S\000y\000s\000t\000e\000m\000\040\000D\000e\000s\000i\000g\000n}{}% 20
\BOOKMARK [1][-]{section.3.1}{\376\377\000O\000v\000e\000r\000v\000i\000e\000w}{chapter.3}% 21
\BOOKMARK [1][-]{section.3.2}{\376\377\000D\000e\000s\000i\000g\000n\000\040\000R\000a\000t\000i\000o\000n\000a\000l\000e\000:\000\040\000D\000e\000f\000e\000r\000r\000e\000d\000\040\000S\000u\000p\000p\000r\000e\000s\000s\000i\000o\000n}{chapter.3}% 22
\BOOKMARK [1][-]{section.3.3}{\376\377\000T\000r\000u\000s\000t\000-\000A\000w\000a\000r\000e\000\040\000F\000u\000s\000i\000o\000n}{chapter.3}% 23
\BOOKMARK [1][-]{section.3.4}{\376\377\000T\000e\000m\000p\000o\000r\000a\000l\000\040\000S\000m\000o\000o\000t\000h\000e\000r}{chapter.3}% 24
\BOOKMARK [1][-]{section.3.5}{\376\377\000R\000e\000s\000o\000l\000u\000t\000i\000o\000n\000\040\000D\000e\000p\000e\000n\000d\000e\000n\000c\000y}{chapter.3}% 25
\BOOKMARK [1][-]{section.3.6}{\376\377\000R\000G\000B\000\040\000D\000r\000o\000n\000e\000\040\000D\000e\000t\000e\000c\000t\000o\000r}{chapter.3}% 26
\BOOKMARK [2][-]{subsection.3.6.1}{\376\377\000T\000h\000r\000e\000e\000\040\000T\000r\000a\000i\000n\000i\000n\000g\000\040\000S\000t\000a\000n\000c\000e\000s}{section.3.6}% 27
\BOOKMARK [2][-]{subsection.3.6.2}{\376\377\000S\000e\000l\000C\000o\000m\000\040\000C\000C\000T\000V\000\040\000F\000i\000n\000e\000-\000T\000u\000n\000e}{section.3.6}% 28
\BOOKMARK [1][-]{section.3.7}{\376\377\000I\000R\000\040\000D\000r\000o\000n\000e\000\040\000D\000e\000t\000e\000c\000t\000o\000r}{chapter.3}% 29
\BOOKMARK [2][-]{subsection.3.7.1}{\376\377\000G\000r\000a\000y\000s\000c\000a\000l\000e\000-\000R\000G\000B\000\040\000O\000p\000e\000r\000a\000t\000i\000n\000g\000\040\000M\000o\000d\000e}{section.3.7}% 30
\BOOKMARK [2][-]{subsection.3.7.2}{\376\377\000C\000r\000o\000s\000s\000-\000M\000o\000d\000a\000l\000\040\000F\000e\000a\000t\000u\000r\000e\000\040\000A\000l\000i\000g\000n\000m\000e\000n\000t\000:\000\040\000a\000\040\000T\000h\000e\000r\000m\000a\000l\000-\000N\000a\000t\000i\000v\000e\000\040\000C\000o\000n\000f\000u\000s\000e\000r\000\040\000F\000i\000l\000t\000e\000r}{section.3.7}% 31
\BOOKMARK [1][-]{section.3.8}{\376\377\000T\000r\000u\000s\000t\000\040\000C\000l\000a\000s\000s\000i\000f\000i\000e\000r}{chapter.3}% 32
\BOOKMARK [2][-]{subsection.3.8.1}{\376\377\000F\000e\000a\000t\000u\000r\000e\000\040\000S\000e\000t}{section.3.8}% 33
\BOOKMARK [2][-]{subsection.3.8.2}{\376\377\000H\000a\000n\000d\000-\000E\000n\000g\000i\000n\000e\000e\000r\000e\000d\000\040\000V\000a\000r\000i\000a\000n\000t\000s\000\040\000\050\000t\000h\000e\000\040\000c\000o\000m\000p\000a\000r\000i\000s\000o\000n\000\040\000s\000e\000t\000\051}{section.3.8}% 34
\BOOKMARK [2][-]{subsection.3.8.3}{\376\377\000S\000t\000a\000t\000i\000s\000t\000i\000c\000a\000l\000\040\000F\000e\000a\000t\000u\000r\000e\000\040\000S\000e\000l\000e\000c\000t\000i\000o\000n\000\040\000f\000o\000r\000\040\000t\000h\000e\000\040\000R\000o\000u\000t\000e\000r}{section.3.8}% 35
\BOOKMARK [1][-]{section.3.9}{\376\377\000T\000h\000e\000\040\000C\000o\000n\000f\000u\000s\000e\000r\000\040\000F\000i\000l\000t\000e\000r}{chapter.3}% 36
\BOOKMARK [0][-]{chapter.4}{\376\377\000E\000x\000p\000e\000r\000i\000m\000e\000n\000t\000a\000l\000\040\000M\000e\000t\000h\000o\000d\000o\000l\000o\000g\000y}{}% 37
\BOOKMARK [1][-]{section.4.1}{\376\377\000D\000a\000t\000a\000s\000e\000t\000s\000\040\000a\000n\000d\000\040\000T\000h\000e\000i\000r\000\040\000R\000o\000l\000e\000s}{chapter.4}% 38
\BOOKMARK [2][-]{subsection.4.1.1}{\376\377\000C\000o\000m\000p\000o\000s\000i\000t\000e\000\040\000R\000G\000B\000\040\000T\000r\000a\000i\000n\000i\000n\000g\000\040\000C\000o\000r\000p\000u\000s\000\040\000\050\000r\000g\000b\000\137\000d\000a\000t\000a\000s\000e\000t\000\051}{section.4.1}% 39
\BOOKMARK [2][-]{subsection.4.1.2}{\376\377\000C\000o\000n\000f\000u\000s\000e\000r\000\040\000H\000a\000r\000d\000-\000N\000e\000g\000a\000t\000i\000v\000e\000\040\000C\000o\000r\000p\000u\000s}{section.4.1}% 40
\BOOKMARK [2][-]{subsection.4.1.3}{\376\377\000I\000R\000\040\000D\000e\000t\000e\000c\000t\000o\000r\000\040\000C\000o\000r\000p\000u\000s\000\040\000\050\000i\000r\000\137\000d\000s\000e\000t\000\137\000f\000i\000n\000a\000l\000\051}{section.4.1}% 41
\BOOKMARK [2][-]{subsection.4.1.4}{\376\377\000T\000h\000e\000r\000m\000a\000l\000\040\000C\000o\000n\000f\000u\000s\000e\000r\000\040\000C\000o\000r\000p\000u\000s\000\040\000\050\000I\000R\000\137\000c\000o\000n\000f\000u\000s\000e\000r\000s\000\051}{section.4.1}% 42
\BOOKMARK [2][-]{subsection.4.1.5}{\376\377\000S\000v\000a\000n\000s\000t\000r\000\366\000m\000\040\000P\000a\000i\000r\000e\000d\000\040\000\050\000s\000v\000a\000n\000s\000t\000r\000o\000m\000\051}{section.4.1}% 43
\BOOKMARK [2][-]{subsection.4.1.6}{\376\377\000A\000n\000t\000i\000-\000U\000A\000V\000\040\000R\000G\000B\000T\000\040\000\050\000a\000n\000t\000i\000u\000a\000v\000\051}{section.4.1}% 44
\BOOKMARK [2][-]{subsection.4.1.7}{\376\377\000S\000e\000l\000C\000o\000m\000\040\000C\000C\000T\000V\000\040\000\050\000s\000e\000l\000c\000o\000m\000\137\000c\000c\000t\000v\000\051}{section.4.1}% 45
\BOOKMARK [2][-]{subsection.4.1.8}{\376\377\000Y\000o\000u\000T\000u\000b\000e\000\040\000R\000e\000a\000l\000-\000V\000i\000d\000e\000o\000\040\000D\000i\000a\000g\000n\000o\000s\000t\000i\000c\000\040\000\050\0001\0009\000\040\000C\000l\000i\000p\000s\000\051}{section.4.1}% 46
\BOOKMARK [1][-]{section.4.2}{\376\377\000E\000v\000a\000l\000u\000a\000t\000i\000o\000n\000\040\000P\000r\000o\000t\000o\000c\000o\000l}{chapter.4}% 47
\BOOKMARK [2][-]{subsection.4.2.1}{\376\377\000M\000e\000t\000r\000i\000c\000s\000\040\000a\000n\000d\000\040\000t\000h\000e\000\040\000I\000o\000P\000\040\000R\000u\000l\000e}{section.4.2}% 48
\BOOKMARK [2][-]{subsection.4.2.2}{\376\377\000S\000c\000o\000r\000i\000n\000g\000-\000R\000u\000l\000e\000\040\000S\000e\000n\000s\000i\000t\000i\000v\000i\000t\000y\000\040\000\050\000w\000h\000y\000\040\000t\000r\000u\000s\000t\000-\000a\000w\000a\000r\000e\000\040\000s\000c\000o\000r\000i\000n\000g\000\051}{section.4.2}% 49
\BOOKMARK [2][-]{subsection.4.2.3}{\376\377\000C\000a\000n\000o\000n\000i\000c\000a\000l\000\040\000C\000o\000n\000f\000i\000g\000u\000r\000a\000t\000i\000o\000n\000s\000\040\000a\000n\000d\000\040\000F\000r\000a\000m\000e\000\040\000B\000u\000d\000g\000e\000t\000s}{section.4.2}% 50
\BOOKMARK [2][-]{subsection.4.2.4}{\376\377\000D\000e\000t\000e\000r\000m\000i\000n\000i\000s\000t\000i\000c\000\040\000A\000b\000l\000a\000t\000i\000o\000n\000\040\000R\000e\000p\000l\000a\000y}{section.4.2}% 51
\BOOKMARK [1][-]{section.4.3}{\376\377\000T\000r\000a\000i\000n\000i\000n\000g\040\023\000E\000v\000a\000l\000u\000a\000t\000i\000o\000n\000\040\000O\000v\000e\000r\000l\000a\000p\000\040\000A\000u\000d\000i\000t}{chapter.4}% 52
\BOOKMARK [1][-]{section.4.4}{\376\377\000T\000r\000a\000i\000n\000i\000n\000g\000\040\000R\000e\000c\000i\000p\000e\000s}{chapter.4}% 53
\BOOKMARK [1][-]{section.4.5}{\376\377\000H\000u\000m\000a\000n\000-\000i\000n\000-\000t\000h\000e\000-\000L\000o\000o\000p\000\040\000D\000a\000t\000a\000\040\000E\000n\000g\000i\000n\000e}{chapter.4}% 54
\BOOKMARK [2][-]{subsection.4.5.1}{\376\377\000T\000h\000e\000\040\000C\000o\000-\000E\000v\000o\000l\000u\000t\000i\000o\000n\000\040\000P\000r\000o\000b\000l\000e\000m}{section.4.5}% 55
\BOOKMARK [2][-]{subsection.4.5.2}{\376\377\000L\000a\000b\000e\000l\000\040\000R\000e\000v\000i\000e\000w\000e\000r\000\040\000G\000U\000I}{section.4.5}% 56
\BOOKMARK [2][-]{subsection.4.5.3}{\376\377\000T\000h\000e\000\040\000C\000o\000-\000E\000v\000o\000l\000u\000t\000i\000o\000n\000\040\000L\000o\000o\000p}{section.4.5}% 57
\BOOKMARK [1][-]{section.4.6}{\376\377\000R\000e\000p\000r\000o\000d\000u\000c\000i\000b\000i\000l\000i\000t\000y\000\040\000I\000n\000f\000r\000a\000s\000t\000r\000u\000c\000t\000u\000r\000e}{chapter.4}% 58
\BOOKMARK [1][-]{section.4.7}{\376\377\000M\000o\000d\000e\000l\000\040\000M\000R\000I\000:\000\040\000F\000e\000a\000t\000u\000r\000e\000-\000S\000p\000a\000c\000e\000\040\000A\000n\000a\000l\000y\000s\000i\000s}{chapter.4}% 59
\BOOKMARK [2][-]{subsection.4.7.1}{\376\377\000W\000h\000a\000t\000\040\000t\000h\000e\000\040\000I\000n\000s\000t\000r\000u\000m\000e\000n\000t\000\040\000D\000o\000e\000s}{section.4.7}% 60
\BOOKMARK [2][-]{subsection.4.7.2}{\376\377\000F\000r\000o\000m\000\040\000S\000t\000a\000t\000i\000s\000t\000i\000c\000s\000\040\000t\000o\000\040\000a\000\040\000T\000r\000a\000i\000n\000e\000d\000\040\000F\000i\000l\000t\000e\000r}{section.4.7}% 61
\BOOKMARK [0][-]{chapter.5}{\376\377\000R\000e\000s\000u\000l\000t\000s}{}% 62
\BOOKMARK [1][-]{section.5.1}{\376\377\000F\000u\000l\000l\000-\000P\000i\000p\000e\000l\000i\000n\000e\000\040\000A\000b\000l\000a\000t\000i\000o\000n}{chapter.5}% 63
\BOOKMARK [2][-]{subsection.5.1.1}{\376\377\000P\000a\000i\000r\000e\000d\000\040\000D\000r\000o\000n\000e\000\040\000B\000e\000n\000c\000h\000m\000a\000r\000k\000s\000:\000\040\000t\000h\000e\000\040\000C\000o\000s\000t\000\040\000S\000i\000d\000e}{section.5.1}% 64
\BOOKMARK [2][-]{subsection.5.1.2}{\376\377\000O\000u\000t\000-\000o\000f\000-\000D\000i\000s\000t\000r\000i\000b\000u\000t\000i\000o\000n\000\040\000C\000o\000n\000f\000u\000s\000e\000r\000s\000:\000\040\000t\000h\000e\000\040\000B\000e\000n\000e\000f\000i\000t\000\040\000S\000i\000d\000e}{section.5.1}% 65
\BOOKMARK [2][-]{subsection.5.1.3}{\376\377\000S\000o\000l\000o\000\040\000I\000n\000-\000D\000i\000s\000t\000r\000i\000b\000u\000t\000i\000o\000n\000\040\000S\000u\000r\000f\000a\000c\000e\000s}{section.5.1}% 66
\BOOKMARK [2][-]{subsection.5.1.4}{\376\377\000P\000e\000r\000-\000S\000i\000z\000e\000\040\000A\000t\000t\000r\000i\000b\000u\000t\000i\000o\000n\000:\000\040\000W\000h\000e\000r\000e\000\040\000t\000h\000e\000\040\000R\000e\000s\000o\000l\000v\000a\000b\000l\000e\000\040\000F\000l\000o\000o\000r\000\040\000B\000i\000t\000e\000s}{section.5.1}% 67
\BOOKMARK [2][-]{subsection.5.1.5}{\376\377\000T\000h\000e\000\040\000F\000i\000l\000t\000e\000r\000\040\000B\000u\000y\000s\000\040\000B\000a\000c\000k\000\040\000t\000h\000e\000\040\000D\000e\000t\000e\000c\000t\000o\000r\000\040\000F\000l\000o\000o\000r}{section.5.1}% 68
\BOOKMARK [2][-]{subsection.5.1.6}{\376\377\000R\000u\000n\000t\000i\000m\000e\000\040\000C\000o\000s\000t}{section.5.1}% 69
\BOOKMARK [1][-]{section.5.2}{\376\377\000C\000o\000m\000p\000o\000n\000e\000n\000t\000\040\000D\000e\000e\000p\000-\000D\000i\000v\000e\000s}{chapter.5}% 70
\BOOKMARK [2][-]{subsection.5.2.1}{\376\377\000R\000G\000B\000\040\000D\000e\000t\000e\000c\000t\000o\000r}{section.5.2}% 71
\BOOKMARK [2][-]{subsection.5.2.2}{\376\377\000I\000R\000\040\000D\000e\000t\000e\000c\000t\000o\000r\000:\000\040\000t\000h\000e\000\040\000S\000i\000x\000-\000R\000e\000v\000i\000s\000i\000o\000n\000\040\000H\000I\000T\000L\000\040\000C\000a\000s\000e\000\040\000S\000t\000u\000d\000y}{section.5.2}% 72
\BOOKMARK [2][-]{subsection.5.2.3}{\376\377\000C\000o\000n\000f\000u\000s\000e\000r\000\040\000F\000i\000l\000t\000e\000r}{section.5.2}% 73
\BOOKMARK [2][-]{subsection.5.2.4}{\376\377\000T\000r\000u\000s\000t\000\040\000C\000l\000a\000s\000s\000i\000f\000i\000e\000r}{section.5.2}% 74
\BOOKMARK [1][-]{section.5.3}{\376\377\000M\000o\000d\000e\000l\000\040\000M\000R\000I\000\040\000F\000i\000n\000d\000i\000n\000g\000s}{chapter.5}% 75
\BOOKMARK [1][-]{section.5.4}{\376\377\000T\000e\000m\000p\000o\000r\000a\000l\000\040\000E\000v\000i\000d\000e\000n\000c\000e\000\040\000a\000t\000\040\000t\000h\000e\000\040\000S\000e\000g\000m\000e\000n\000t\000\040\000G\000r\000a\000i\000n}{chapter.5}% 76
\BOOKMARK [1][-]{section.5.5}{\376\377\000T\000h\000e\000\040\000G\000r\000a\000y\000s\000c\000a\000l\000e\000\040\000F\000i\000n\000d\000i\000n\000g}{chapter.5}% 77
\BOOKMARK [2][-]{subsection.5.5.1}{\376\377\000T\000h\000e\000\040\000F\000a\000i\000r\000\040\000T\000h\000r\000e\000e\000-\000W\000a\000y\000\040\000C\000o\000m\000p\000a\000r\000i\000s\000o\000n}{section.5.5}% 78
\BOOKMARK [2][-]{subsection.5.5.2}{\376\377\000M\000e\000c\000h\000a\000n\000i\000s\000m\000\040\000a\000n\000d\000\040\000B\000o\000u\000n\000d\000s}{section.5.5}% 79
\BOOKMARK [2][-]{subsection.5.5.3}{\376\377\000T\000h\000e\000\040\000F\000a\000l\000l\000b\000a\000c\000k\000\040\000V\000a\000l\000u\000e\000\040\000a\000n\000d\000\040\000t\000h\000e\000\040\000H\000o\000n\000e\000s\000t\000\040\000B\000o\000u\000n\000d}{section.5.5}% 80
\BOOKMARK [0][-]{chapter.6}{\376\377\000D\000i\000s\000c\000u\000s\000s\000i\000o\000n}{}% 81
\BOOKMARK [1][-]{section.6.1}{\376\377\000A\000n\000s\000w\000e\000r\000s\000\040\000t\000o\000\040\000t\000h\000e\000\040\000R\000e\000s\000e\000a\000r\000c\000h\000\040\000Q\000u\000e\000s\000t\000i\000o\000n\000s}{chapter.6}% 82
\BOOKMARK [1][-]{section.6.2}{\376\377\000T\000h\000r\000e\000a\000t\000s\000\040\000t\000o\000\040\000V\000a\000l\000i\000d\000i\000t\000y}{chapter.6}% 83
\BOOKMARK [1][-]{section.6.3}{\376\377\000L\000i\000m\000i\000t\000a\000t\000i\000o\000n\000s\000\040\000a\000n\000d\000\040\000F\000u\000t\000u\000r\000e\000\040\000W\000o\000r\000k}{chapter.6}% 84
\BOOKMARK [0][-]{chapter.7}{\376\377\000C\000o\000n\000c\000l\000u\000s\000i\000o\000n}{}% 85
\BOOKMARK [1][-]{section.7.1}{\376\377\000P\000r\000o\000d\000u\000c\000t\000i\000o\000n\000\040\000S\000t\000a\000c\000k}{chapter.7}% 86
\BOOKMARK [1][-]{section.7.2}{\376\377\000O\000u\000t\000l\000o\000o\000k}{chapter.7}% 87
\BOOKMARK [0][-]{appendix.A}{\376\377\000D\000a\000t\000a\000s\000e\000t\000s\000\040\000i\000n\000\040\000D\000e\000t\000a\000i\000l}{}% 88
\BOOKMARK [1][-]{section.A.1}{\376\377\000C\000o\000m\000p\000o\000s\000i\000t\000e\000\040\000R\000G\000B\000\040\000T\000r\000a\000i\000n\000i\000n\000g\000\040\000C\000o\000r\000p\000u\000s}{appendix.A}% 89
\BOOKMARK [1][-]{section.A.2}{\376\377\000C\000o\000n\000f\000u\000s\000e\000r\000\040\000H\000a\000r\000d\000-\000N\000e\000g\000a\000t\000i\000v\000e\000\040\000C\000o\000r\000p\000u\000s}{appendix.A}% 90
\BOOKMARK [1][-]{section.A.3}{\376\377\000I\000R\000\040\000D\000e\000t\000e\000c\000t\000o\000r\000\040\000C\000o\000r\000p\000u\000s}{appendix.A}% 91
\BOOKMARK [1][-]{section.A.4}{\376\377\000T\000h\000e\000r\000m\000a\000l\000\040\000C\000o\000n\000f\000u\000s\000e\000r\000\040\000C\000o\000r\000p\000u\000s\000\040\000\050\000I\000R\000\137\000c\000o\000n\000f\000u\000s\000e\000r\000s\000\051}{appendix.A}% 92
\BOOKMARK [1][-]{section.A.5}{\376\377\000S\000v\000a\000n\000s\000t\000r\000\366\000m\000\040\000P\000a\000i\000r\000e\000d}{appendix.A}% 93
\BOOKMARK [1][-]{section.A.6}{\376\377\000A\000n\000t\000i\000-\000U\000A\000V\000\040\000R\000G\000B\000T}{appendix.A}% 94
\BOOKMARK [1][-]{section.A.7}{\376\377\000D\000U\000T\000\040\000A\000n\000t\000i\000-\000U\000A\000V}{appendix.A}% 95
\BOOKMARK [1][-]{section.A.8}{\376\377\000S\000e\000l\000C\000o\000m\000\040\000C\000C\000T\000V}{appendix.A}% 96
\BOOKMARK [1][-]{section.A.9}{\376\377\000Y\000o\000u\000T\000u\000b\000e\000\040\000R\000e\000a\000l\000-\000V\000i\000d\000e\000o\000\040\000D\000i\000a\000g\000n\000o\000s\000t\000i\000c}{appendix.A}% 97
\BOOKMARK [1][-]{section.A.10}{\376\377\000L\000i\000c\000e\000n\000s\000i\000n\000g\000\040\000a\000n\000d\000\040\000E\000t\000h\000i\000c\000s}{appendix.A}% 98
\BOOKMARK [0][-]{appendix.B}{\376\377\000M\000o\000d\000e\000l\000s\000\040\000E\000v\000a\000l\000u\000a\000t\000e\000d}{}% 99
\BOOKMARK [0][-]{appendix.C}{\376\377\000M\000o\000d\000e\000l\000\040\000M\000R\000I\000\040\000S\000a\000m\000p\000l\000e\000\040\000R\000e\000p\000o\000r\000t}{}% 100
\BOOKMARK [0][-]{appendix.D}{\376\377\000N\000u\000m\000b\000e\000r\000\040\000P\000r\000o\000v\000e\000n\000a\000n\000c\000e\000\040\000a\000n\000d\000\040\000R\000e\000p\000r\000o\000d\000u\000c\000i\000b\000i\000l\000i\000t\000y}{}% 101
\BOOKMARK [0][-]{appendix.E}{\376\377\000G\000l\000o\000s\000s\000a\000r\000y\000\040\000o\000f\000\040\000A\000b\000b\000r\000e\000v\000i\000a\000t\000i\000o\000n\000s\000\040\000a\000n\000d\000\040\000S\000h\000o\000r\000t\000h\000a\000n\000d}{}% 102
\BOOKMARK [0][-]{appendix.F}{\376\377\000S\000u\000p\000e\000r\000s\000e\000d\000e\000d\000\040\000C\000o\000m\000p\000o\000n\000e\000n\000t\000s\000\040\000a\000n\000d\000\040\000D\000e\000s\000i\000g\000n\000\040\000H\000i\000s\000t\000o\000r\000y}{}% 103
\BOOKMARK [1][-]{section.F.1}{\376\377\000P\000a\000t\000c\000h\000\040\000F\000i\000l\000t\000e\000r\000\040\000\050\000S\000u\000p\000e\000r\000s\000e\000d\000e\000d\000\040\000P\000r\000e\000d\000e\000c\000e\000s\000s\000o\000r\000\051}{appendix.F}% 104
\BOOKMARK [1][-]{section.F.2}{\376\377\000A\000l\000e\000r\000t\000-\000G\000a\000t\000e\000\040\000C\000a\000s\000c\000a\000d\000e\000\040\000\050\000s\000u\000p\000e\000r\000s\000e\000d\000e\000d\000\040\000p\000a\000t\000c\000h\000\040\000p\000a\000t\000h\000\051}{appendix.F}% 105
\BOOKMARK [1][-]{section.F.3}{\376\377\000S\000u\000p\000e\000r\000s\000e\000d\000e\000d\000\040\000C\000o\000n\000f\000u\000s\000e\000r\000\040\000F\000i\000l\000t\000e\000r\000\040\000\050\000P\000a\000t\000c\000h\000\040\000C\000N\000N\000\051}{appendix.F}% 106
\BOOKMARK [1][-]{section.F.4}{\376\377\000T\000r\000u\000s\000t\000-\000C\000l\000a\000s\000s\000i\000f\000i\000e\000r\000\040\000D\000e\000s\000i\000g\000n\000\040\000H\000i\000s\000t\000o\000r\000y}{appendix.F}% 107
\BOOKMARK [0][-]{appendix.G}{\376\377\000F\000u\000l\000l\000\040\000P\000e\000r\000-\000S\000u\000r\000f\000a\000c\000e\000\040\000A\000b\000l\000a\000t\000i\000o\000n\000\040\000T\000a\000b\000l\000e\000s}{}% 108
\BOOKMARK [0][-]{appendix*.107}{\376\377\000B\000i\000b\000l\000i\000o\000g\000r\000a\000p\000h\000y}{}% 109
