\BOOKMARK [0][-]{chapter.1}{\376\377\000I\000n\000t\000r\000o\000d\000u\000c\000t\000i\000o\000n}{}% 1
\BOOKMARK [1][-]{section.1.1}{\376\377\000B\000a\000c\000k\000g\000r\000o\000u\000n\000d}{chapter.1}% 2
\BOOKMARK [1][-]{section.1.2}{\376\377\000P\000r\000o\000b\000l\000e\000m\000\040\000S\000t\000a\000t\000e\000m\000e\000n\000t}{chapter.1}% 3
\BOOKMARK [1][-]{section.1.3}{\376\377\000R\000e\000s\000e\000a\000r\000c\000h\000\040\000Q\000u\000e\000s\000t\000i\000o\000n\000s}{chapter.1}% 4
\BOOKMARK [1][-]{section.1.4}{\376\377\000C\000o\000n\000t\000r\000i\000b\000u\000t\000i\000o\000n\000s}{chapter.1}% 5
\BOOKMARK [1][-]{section.1.5}{\376\377\000E\000t\000h\000i\000c\000a\000l\000\040\000C\000o\000n\000s\000i\000d\000e\000r\000a\000t\000i\000o\000n\000s\000\040\000a\000n\000d\000\040\000D\000u\000a\000l\000-\000U\000s\000e}{chapter.1}% 6
\BOOKMARK [1][-]{section.1.6}{\376\377\000T\000h\000e\000s\000i\000s\000\040\000O\000u\000t\000l\000i\000n\000e}{chapter.1}% 7
\BOOKMARK [0][-]{chapter.2}{\376\377\000R\000e\000l\000a\000t\000e\000d\000\040\000W\000o\000r\000k}{}% 8
\BOOKMARK [1][-]{section.2.1}{\376\377\000R\000e\000a\000l\000-\000T\000i\000m\000e\000\040\000O\000b\000j\000e\000c\000t\000\040\000D\000e\000t\000e\000c\000t\000i\000o\000n}{chapter.2}% 9
\BOOKMARK [1][-]{section.2.2}{\376\377\000D\000r\000o\000n\000e\000\040\000D\000e\000t\000e\000c\000t\000i\000o\000n\000\040\000a\000n\000d\000\040\000t\000h\000e\000\040\000C\000o\000n\000f\000u\000s\000e\000r\000\040\000P\000r\000o\000b\000l\000e\000m}{chapter.2}% 10
\BOOKMARK [1][-]{section.2.3}{\376\377\000T\000h\000e\000r\000m\000a\000l\000\040\000I\000n\000f\000r\000a\000r\000e\000d\000\040\000I\000m\000a\000g\000i\000n\000g}{chapter.2}% 11
\BOOKMARK [1][-]{section.2.4}{\376\377\000M\000u\000l\000t\000i\000-\000M\000o\000d\000a\000l\000\040\000F\000u\000s\000i\000o\000n\000\040\000a\000n\000d\000\040\000H\000a\000r\000d\000-\000N\000e\000g\000a\000t\000i\000v\000e\000\040\000M\000i\000n\000i\000n\000g}{chapter.2}% 12
\BOOKMARK [1][-]{section.2.5}{\376\377\000D\000e\000t\000e\000c\000t\000i\000o\000n\000\040\000S\000c\000o\000r\000i\000n\000g}{chapter.2}% 13
\BOOKMARK [1][-]{section.2.6}{\376\377\000C\000r\000o\000s\000s\000-\000M\000o\000d\000a\000l\000\040\000T\000r\000a\000n\000s\000f\000e\000r\000\040\000a\000n\000d\000\040\000C\000a\000s\000c\000a\000d\000e\000d\000\040\000R\000e\000j\000e\000c\000t\000i\000o\000n}{chapter.2}% 14
\BOOKMARK [1][-]{section.2.7}{\376\377\000C\000o\000m\000p\000a\000r\000i\000s\000o\000n\000\040\000t\000o\000\040\000P\000r\000i\000o\000r\000\040\000W\000o\000r\000k}{chapter.2}% 15
\BOOKMARK [2][-]{subsection.2.7.1}{\376\377\000A\000r\000c\000h\000i\000t\000e\000c\000t\000u\000r\000a\000l\000\040\000C\000o\000m\000p\000a\000r\000i\000s\000o\000n}{section.2.7}% 16
\BOOKMARK [2][-]{subsection.2.7.2}{\376\377\000N\000u\000m\000e\000r\000i\000c\000a\000l\000\040\000C\000o\000m\000p\000a\000r\000i\000s\000o\000n}{section.2.7}% 17
\BOOKMARK [0][-]{chapter.3}{\376\377\000M\000e\000t\000h\000o\000d\000o\000l\000o\000g\000y}{}% 18
\BOOKMARK [1][-]{section.3.1}{\376\377\000D\000a\000t\000a\000s\000e\000t\000s}{chapter.3}% 19
\BOOKMARK [2][-]{subsection.3.1.1}{\376\377\000C\000o\000m\000p\000o\000s\000i\000t\000e\000\040\000R\000G\000B\000\040\000T\000r\000a\000i\000n\000i\000n\000g\000\040\000C\000o\000r\000p\000u\000s\000\040\000\050\000r\000g\000b\000\137\000d\000a\000t\000a\000s\000e\000t\000\051}{section.3.1}% 20
\BOOKMARK [2][-]{subsection.3.1.2}{\376\377\000C\000o\000n\000f\000u\000s\000e\000r\000\040\000H\000a\000r\000d\000-\000N\000e\000g\000a\000t\000i\000v\000e\000\040\000C\000o\000r\000p\000u\000s\000\040\000\050\000r\000g\000b\000\137\000c\000o\000n\000f\000u\000s\000e\000r\000s\000\137\000m\000e\000r\000g\000e\000d\000\051}{section.3.1}% 21
\BOOKMARK [2][-]{subsection.3.1.3}{\376\377\000I\000R\000\040\000D\000e\000t\000e\000c\000t\000o\000r\000\040\000C\000o\000r\000p\000u\000s\000\040\000\050\000i\000r\000\137\000d\000s\000e\000t\000\137\000f\000i\000n\000a\000l\000\051}{section.3.1}% 22
\BOOKMARK [2][-]{subsection.3.1.4}{\376\377\000S\000v\000a\000n\000s\000t\000r\000\366\000m\000\040\000P\000a\000i\000r\000e\000d\000\040\000\050\000s\000v\000a\000n\000s\000t\000r\000o\000m\000\051}{section.3.1}% 23
\BOOKMARK [2][-]{subsection.3.1.5}{\376\377\000A\000n\000t\000i\000-\000U\000A\000V\000\040\000R\000G\000B\000T\000\040\000\050\000a\000n\000t\000i\000u\000a\000v\000\051}{section.3.1}% 24
\BOOKMARK [2][-]{subsection.3.1.6}{\376\377\000S\000e\000l\000C\000o\000m\000\040\000C\000C\000T\000V\000\040\000\050\000s\000e\000l\000c\000o\000m\000\137\000c\000c\000t\000v\000\051}{section.3.1}% 25
\BOOKMARK [2][-]{subsection.3.1.7}{\376\377\000R\000o\000b\000o\000f\000l\000o\000w\000\040\000O\000O\000D\000\040\000A\000u\000d\000i\000t\000\040\000\050\000N\000i\000n\000e\000\040\000D\000a\000t\000a\000s\000e\000t\000s\000\051}{section.3.1}% 26
\BOOKMARK [2][-]{subsection.3.1.8}{\376\377\000Y\000o\000u\000T\000u\000b\000e\000\040\000R\000e\000a\000l\000-\000V\000i\000d\000e\000o\000\040\000D\000i\000a\000g\000n\000o\000s\000t\000i\000c\000\040\000\050\0001\0009\000\040\000C\000l\000i\000p\000s\000\051}{section.3.1}% 27
\BOOKMARK [1][-]{section.3.2}{\376\377\000M\000e\000t\000r\000i\000c\000s\000\040\000a\000n\000d\000\040\000t\000h\000e\000\040\000I\000o\000P\000\040\000R\000u\000l\000e}{chapter.3}% 28
\BOOKMARK [1][-]{section.3.3}{\376\377\000S\000c\000o\000r\000i\000n\000g\000-\000R\000u\000l\000e\000\040\000A\000u\000d\000i\000t}{chapter.3}% 29
\BOOKMARK [1][-]{section.3.4}{\376\377\000S\000v\000a\000n\000s\000t\000r\000\366\000m\000\040\000U\000s\000a\000g\000e\000\040\000A\000u\000d\000i\000t}{chapter.3}% 30
\BOOKMARK [1][-]{section.3.5}{\376\377\000T\000r\000a\000i\000n\000i\000n\000g\000\040\000R\000e\000c\000i\000p\000e\000s}{chapter.3}% 31
\BOOKMARK [1][-]{section.3.6}{\376\377\000R\000e\000p\000r\000o\000d\000u\000c\000i\000b\000i\000l\000i\000t\000y\000\040\000I\000n\000f\000r\000a\000s\000t\000r\000u\000c\000t\000u\000r\000e}{chapter.3}% 32
\BOOKMARK [1][-]{section.3.7}{\376\377\000M\000o\000d\000e\000l\000\040\000M\000R\000I\000:\000\040\000F\000e\000a\000t\000u\000r\000e\000-\000S\000p\000a\000c\000e\000\040\000A\000n\000a\000l\000y\000s\000i\000s}{chapter.3}% 33
\BOOKMARK [0][-]{chapter.4}{\376\377\000S\000y\000s\000t\000e\000m\000\040\000A\000r\000c\000h\000i\000t\000e\000c\000t\000u\000r\000e\000\040\000a\000n\000d\000\040\000C\000o\000m\000p\000o\000n\000e\000n\000t\000\040\000D\000e\000s\000i\000g\000n}{}% 34
\BOOKMARK [1][-]{section.4.1}{\376\377\000O\000v\000e\000r\000v\000i\000e\000w}{chapter.4}% 35
\BOOKMARK [1][-]{section.4.2}{\376\377\000D\000e\000s\000i\000g\000n\000\040\000R\000a\000t\000i\000o\000n\000a\000l\000e\000:\000\040\000F\000a\000i\000l\000-\000O\000p\000e\000n}{chapter.4}% 36
\BOOKMARK [1][-]{section.4.3}{\376\377\000T\000r\000u\000s\000t\000-\000A\000w\000a\000r\000e\000\040\000F\000u\000s\000i\000o\000n}{chapter.4}% 37
\BOOKMARK [1][-]{section.4.4}{\376\377\000A\000l\000e\000r\000t\000-\000G\000a\000t\000e\000\040\000C\000a\000s\000c\000a\000d\000e}{chapter.4}% 38
\BOOKMARK [1][-]{section.4.5}{\376\377\000T\000e\000m\000p\000o\000r\000a\000l\000\040\000S\000m\000o\000o\000t\000h\000e\000r}{chapter.4}% 39
\BOOKMARK [1][-]{section.4.6}{\376\377\000R\000e\000s\000o\000l\000u\000t\000i\000o\000n\000\040\000D\000e\000p\000e\000n\000d\000e\000n\000c\000y}{chapter.4}% 40
\BOOKMARK [1][-]{section.4.7}{\376\377\000R\000G\000B\000\040\000D\000r\000o\000n\000e\000\040\000D\000e\000t\000e\000c\000t\000o\000r}{chapter.4}% 41
\BOOKMARK [2][-]{subsection.4.7.1}{\376\377\000T\000h\000r\000e\000e\000\040\000T\000r\000a\000i\000n\000i\000n\000g\000\040\000S\000t\000a\000n\000c\000e\000s}{section.4.7}% 42
\BOOKMARK [2][-]{subsection.4.7.2}{\376\377\000S\000e\000l\000C\000o\000m\000\040\000C\000C\000T\000V\000\040\000F\000i\000n\000e\000-\000T\000u\000n\000e}{section.4.7}% 43
\BOOKMARK [1][-]{section.4.8}{\376\377\000I\000R\000\040\000D\000r\000o\000n\000e\000\040\000D\000e\000t\000e\000c\000t\000o\000r}{chapter.4}% 44
\BOOKMARK [2][-]{subsection.4.8.1}{\376\377\000I\000R\000\040\000D\000e\000t\000e\000c\000t\000o\000r\000\040\000o\000n\000\040\000S\000v\000a\000n\000s\000t\000r\000\366\000m\000\040\000a\000n\000d\000\040\000A\000n\000t\000i\000-\000U\000A\000V}{section.4.8}% 45
\BOOKMARK [2][-]{subsection.4.8.2}{\376\377\000G\000r\000a\000y\000s\000c\000a\000l\000e\000-\000R\000G\000B\000\040\000O\000p\000e\000r\000a\000t\000i\000n\000g\000\040\000M\000o\000d\000e}{section.4.8}% 46
\BOOKMARK [2][-]{subsection.4.8.3}{\376\377\000C\000r\000o\000s\000s\000-\000M\000o\000d\000a\000l\000\040\000F\000e\000a\000t\000u\000r\000e\000\040\000A\000l\000i\000g\000n\000m\000e\000n\000t\000:\000\040\000a\000\040\000T\000h\000e\000r\000m\000a\000l\000\040\000V\000e\000r\000i\000f\000i\000e\000r\000\040\000f\000r\000o\000m\000\040\000G\000r\000a\000y\000s\000c\000a\000l\000e\000\040\000C\000o\000n\000f\000u\000s\000e\000r\000s}{section.4.8}% 47
\BOOKMARK [1][-]{section.4.9}{\376\377\000T\000r\000u\000s\000t\000\040\000C\000l\000a\000s\000s\000i\000f\000i\000e\000r}{chapter.4}% 48
\BOOKMARK [2][-]{subsection.4.9.1}{\376\377\000F\000e\000a\000t\000u\000r\000e\000\040\000S\000e\000t}{section.4.9}% 49
\BOOKMARK [2][-]{subsection.4.9.2}{\376\377\000C\000l\000a\000s\000s\000i\000f\000i\000e\000r\000\040\000V\000a\000r\000i\000a\000n\000t\000s}{section.4.9}% 50
\BOOKMARK [2][-]{subsection.4.9.3}{\376\377\000C\000l\000a\000s\000s\000i\000f\000i\000e\000r\000\040\000P\000e\000r\000f\000o\000r\000m\000a\000n\000c\000e\000\040\000C\000o\000m\000p\000a\000r\000i\000s\000o\000n}{section.4.9}% 51
\BOOKMARK [2][-]{subsection.4.9.4}{\376\377\000S\000t\000a\000t\000i\000s\000t\000i\000c\000a\000l\000\040\000F\000e\000a\000t\000u\000r\000e\000\040\000S\000e\000l\000e\000c\000t\000i\000o\000n\000:\000\040\000a\000\040\000S\000i\000x\000-\000F\000e\000a\000t\000u\000r\000e\000\040\000C\000l\000a\000s\000s\000i\000f\000i\000e\000r}{section.4.9}% 52
\BOOKMARK [1][-]{section.4.10}{\376\377\000P\000a\000t\000c\000h\000\040\000V\000e\000r\000i\000f\000i\000e\000r}{chapter.4}% 53
\BOOKMARK [2][-]{subsection.4.10.1}{\376\377\000A\000r\000c\000h\000i\000t\000e\000c\000t\000u\000r\000e}{section.4.10}% 54
\BOOKMARK [2][-]{subsection.4.10.2}{\376\377\000V\000e\000r\000s\000i\000o\000n\000\040\000H\000i\000s\000t\000o\000r\000y}{section.4.10}% 55
\BOOKMARK [2][-]{subsection.4.10.3}{\376\377\000T\000h\000r\000e\000s\000h\000o\000l\000d\000\040\000S\000w\000e\000e\000p\000\040\000a\000n\000d\000\040\000P\000r\000o\000d\000u\000c\000t\000i\000o\000n\000\040\000O\000p\000e\000r\000a\000t\000i\000n\000g\000\040\000P\000o\000i\000n\000t}{section.4.10}% 56
\BOOKMARK [2][-]{subsection.4.10.4}{\376\377\000C\000a\000t\000c\000h\000-\000R\000a\000t\000e\000\040\000A\000u\000d\000i\000t}{section.4.10}% 57
\BOOKMARK [2][-]{subsection.4.10.5}{\376\377\000D\000i\000s\000t\000i\000l\000l\000e\000d\000\040\000F\000e\000a\000t\000u\000r\000e\000-\000S\000p\000a\000c\000e\000\040\000V\000e\000r\000i\000f\000i\000e\000r\000\040\000\050\000m\000l\000p\000\137\000v\0005\000\051}{section.4.10}% 58
\BOOKMARK [2][-]{subsection.4.10.6}{\376\377\000D\000i\000a\000g\000n\000o\000s\000i\000n\000g\000\040\000t\000h\000e\000\040\000R\000e\000c\000a\000l\000l\000\040\000D\000r\000o\000p\000:\000\040\000a\000n\000\040\000O\000u\000t\000-\000o\000f\000-\000D\000i\000s\000t\000r\000i\000b\000u\000t\000i\000o\000n\000\040\000C\000o\000v\000e\000r\000a\000g\000e\000\040\000G\000a\000p}{section.4.10}% 59
\BOOKMARK [0][-]{chapter.5}{\376\377\000D\000a\000t\000a\000s\000e\000t\000\040\000C\000u\000r\000a\000t\000i\000o\000n\000\040\000a\000n\000d\000\040\000H\000u\000m\000a\000n\000-\000i\000n\000-\000t\000h\000e\000-\000L\000o\000o\000p}{}% 60
\BOOKMARK [1][-]{section.5.1}{\376\377\000T\000h\000e\000\040\000C\000o\000-\000E\000v\000o\000l\000u\000t\000i\000o\000n\000\040\000P\000r\000o\000b\000l\000e\000m}{chapter.5}% 61
\BOOKMARK [1][-]{section.5.2}{\376\377\000L\000a\000b\000e\000l\000\040\000R\000e\000v\000i\000e\000w\000e\000r\000\040\000G\000U\000I}{chapter.5}% 62
\BOOKMARK [1][-]{section.5.3}{\376\377\000H\000I\000T\000L\000\040\000C\000o\000-\000E\000v\000o\000l\000u\000t\000i\000o\000n\000\040\000L\000o\000o\000p}{chapter.5}% 63
\BOOKMARK [1][-]{section.5.4}{\376\377\000C\000a\000s\000e\000\040\000S\000t\000u\000d\000y\000:\000\040\000I\000R\000\040\000D\000e\000t\000e\000c\000t\000o\000r\000\040\000E\000v\000o\000l\000u\000t\000i\000o\000n\000\040\000V\0002\000\040\000\040\000F\000i\000n\000a\000l\000\040\000\040\000v\0003\000b}{chapter.5}% 64
\BOOKMARK [0][-]{chapter.6}{\376\377\000E\000x\000p\000e\000r\000i\000m\000e\000n\000t\000a\000l\000\040\000R\000e\000s\000u\000l\000t\000s}{}% 65
\BOOKMARK [1][-]{section.6.1}{\376\377\000H\000e\000a\000d\000l\000i\000n\000e\000:\000\040\000C\000u\000m\000u\000l\000a\000t\000i\000v\000e\000\040\000C\000o\000n\000f\000u\000s\000e\000r\000\040\000S\000u\000p\000p\000r\000e\000s\000s\000i\000o\000n}{chapter.6}% 66
\BOOKMARK [1][-]{section.6.2}{\376\377\000O\000O\000D\000:\000\040\000R\000o\000b\000o\000f\000l\000o\000w\000\040\000A\000u\000d\000i\000t}{chapter.6}% 67
\BOOKMARK [2][-]{subsection.6.2.1}{\376\377\000A\000g\000g\000r\000e\000g\000a\000t\000e\000d\000\040\000R\000G\000B\000\040\000D\000r\000o\000n\000e\000\040\000P\000e\000r\000f\000o\000r\000m\000a\000n\000c\000e}{section.6.2}% 68
\BOOKMARK [2][-]{subsection.6.2.2}{\376\377\000A\000g\000g\000r\000e\000g\000a\000t\000e\000d\000\040\000R\000G\000B\000\040\000C\000o\000n\000f\000u\000s\000e\000r\000\040\000F\000P\000\040\000S\000u\000p\000p\000r\000e\000s\000s\000i\000o\000n}{section.6.2}% 69
\BOOKMARK [2][-]{subsection.6.2.3}{\376\377\000I\000R\000\040\000D\000r\000o\000n\000e\000\040\000a\000n\000d\000\040\000C\000o\000n\000f\000u\000s\000e\000r\000\040\000P\000e\000r\000f\000o\000r\000m\000a\000n\000c\000e}{section.6.2}% 70
\BOOKMARK [1][-]{section.6.3}{\376\377\000R\000e\000a\000l\000-\000V\000i\000d\000e\000o\000\040\000S\000i\000x\000-\000M\000o\000d\000e\000\040\000D\000i\000a\000g\000n\000o\000s\000t\000i\000c}{chapter.6}% 71
\BOOKMARK [1][-]{section.6.4}{\376\377\000I\000R\000\040\000M\000o\000d\000e\000l\000\040\000o\000n\000\040\000G\000r\000a\000y\000s\000c\000a\000l\000e\000\040\000R\000G\000B\000:\000\040\000A\000n\000\040\000U\000n\000e\000x\000p\000e\000c\000t\000e\000d\000\040\000C\000r\000o\000s\000s\000-\000M\000o\000d\000a\000l\000\040\000R\000e\000s\000u\000l\000t}{chapter.6}% 72
\BOOKMARK [2][-]{subsection.6.4.1}{\376\377\000S\000e\000t\000u\000p}{section.6.4}% 73
\BOOKMARK [2][-]{subsection.6.4.2}{\376\377\000R\000e\000s\000u\000l\000t}{section.6.4}% 74
\BOOKMARK [2][-]{subsection.6.4.3}{\376\377\000W\000h\000y\000\040\000t\000h\000e\000\040\000r\000e\000s\000u\000l\000t\000\040\000w\000a\000s\000\040\000u\000n\000e\000x\000p\000e\000c\000t\000e\000d}{section.6.4}% 75
\BOOKMARK [2][-]{subsection.6.4.4}{\376\377\000M\000e\000c\000h\000a\000n\000i\000s\000m\000,\000\040\000w\000i\000t\000h\000\040\000t\000h\000e\000\040\000r\000i\000g\000h\000t\000\040\000c\000a\000v\000e\000a\000t\000s}{section.6.4}% 76
\BOOKMARK [2][-]{subsection.6.4.5}{\376\377\000R\000e\000l\000a\000t\000i\000o\000n\000\040\000t\000o\000\040\000p\000r\000i\000o\000r\000\040\000w\000o\000r\000k}{section.6.4}% 77
\BOOKMARK [2][-]{subsection.6.4.6}{\376\377\000F\000r\000o\000m\000\040\000C\000r\000o\000s\000s\000-\000M\000o\000d\000a\000l\000\040\000T\000r\000a\000n\000s\000f\000e\000r\000\040\000t\000o\000\040\000a\000\040\000D\000e\000p\000l\000o\000y\000a\000b\000l\000e\000\040\000T\000h\000e\000r\000m\000a\000l\000\040\000V\000e\000r\000i\000f\000i\000e\000r}{section.6.4}% 78
\BOOKMARK [2][-]{subsection.6.4.7}{\376\377\000O\000p\000e\000n\000\040\000q\000u\000e\000s\000t\000i\000o\000n\000s}{section.6.4}% 79
\BOOKMARK [1][-]{section.6.5}{\376\377\000F\000u\000l\000l\000\040\000C\000a\000s\000c\000a\000d\000e\000\040\000o\000n\000\040\000R\000e\000a\000l\000\040\000V\000i\000d\000e\000o}{chapter.6}% 80
\BOOKMARK [2][-]{subsection.6.5.1}{\376\377\000S\000e\000t\000u\000p}{section.6.5}% 81
\BOOKMARK [2][-]{subsection.6.5.2}{\376\377\000R\000e\000a\000d\000i\000n\000g\000\040\000p\000e\000r\000-\000f\000r\000a\000m\000e\000\040\000m\000e\000t\000r\000i\000c\000s\000\040\000i\000s\000\040\000m\000i\000s\000l\000e\000a\000d\000i\000n\000g}{section.6.5}% 82
\BOOKMARK [2][-]{subsection.6.5.3}{\376\377\000S\000e\000g\000m\000e\000n\000t\000-\000l\000e\000v\000e\000l\000\040\000m\000e\000t\000r\000i\000c\000s\000:\000\040\000c\000a\000s\000c\000a\000d\000e\000\040\000e\000a\000r\000n\000s\000\040\000i\000t\000s\000\040\000b\000u\000d\000g\000e\000t}{section.6.5}% 83
\BOOKMARK [2][-]{subsection.6.5.4}{\376\377\000P\000e\000r\000-\000c\000a\000t\000e\000g\000o\000r\000y\000\040\000c\000a\000s\000c\000a\000d\000e\000\040\000s\000u\000p\000p\000r\000e\000s\000s\000i\000o\000n}{section.6.5}% 84
\BOOKMARK [2][-]{subsection.6.5.5}{\376\377\000C\000l\000a\000s\000s\000i\000f\000i\000e\000r\000\040\000c\000h\000o\000i\000c\000e\000\040\000o\000n\000\040\000r\000e\000a\000l\000\040\000v\000i\000d\000e\000o}{section.6.5}% 85
\BOOKMARK [2][-]{subsection.6.5.6}{\376\377\000P\000i\000n\000n\000e\000d\000\040\000o\000p\000e\000n\000\040\000i\000t\000e\000m\000s}{section.6.5}% 86
\BOOKMARK [1][-]{section.6.6}{\376\377\000S\000e\000l\000C\000o\000m\000\040\000C\000C\000T\000V\000\040\000E\000v\000a\000l\000u\000a\000t\000i\000o\000n}{chapter.6}% 87
\BOOKMARK [1][-]{section.6.7}{\376\377\000T\000h\000r\000e\000a\000t\000s\000\040\000t\000o\000\040\000V\000a\000l\000i\000d\000i\000t\000y}{chapter.6}% 88
\BOOKMARK [1][-]{section.6.8}{\376\377\000L\000i\000m\000i\000t\000a\000t\000i\000o\000n\000s\000\040\000a\000n\000d\000\040\000F\000u\000t\000u\000r\000e\000\040\000W\000o\000r\000k}{chapter.6}% 89
\BOOKMARK [0][-]{chapter.7}{\376\377\000C\000o\000n\000c\000l\000u\000s\000i\000o\000n}{}% 90
\BOOKMARK [1][-]{section.7.1}{\376\377\000A\000n\000s\000w\000e\000r\000s\000\040\000t\000o\000\040\000t\000h\000e\000\040\000R\000e\000s\000e\000a\000r\000c\000h\000\040\000Q\000u\000e\000s\000t\000i\000o\000n\000s}{chapter.7}% 91
\BOOKMARK [1][-]{section.7.2}{\376\377\000P\000r\000o\000d\000u\000c\000t\000i\000o\000n\000\040\000S\000t\000a\000c\000k\000\040\000a\000n\000d\000\040\000F\000u\000t\000u\000r\000e\000\040\000W\000o\000r\000k}{chapter.7}% 92
\BOOKMARK [0][-]{appendix.A}{\376\377\000D\000a\000t\000a\000s\000e\000t\000s\000\040\000i\000n\000\040\000D\000e\000t\000a\000i\000l}{}% 93
\BOOKMARK [1][-]{section.A.1}{\376\377\000C\000o\000m\000p\000o\000s\000i\000t\000e\000\040\000R\000G\000B\000\040\000T\000r\000a\000i\000n\000i\000n\000g\000\040\000C\000o\000r\000p\000u\000s}{appendix.A}% 94
\BOOKMARK [1][-]{section.A.2}{\376\377\000C\000o\000n\000f\000u\000s\000e\000r\000\040\000H\000a\000r\000d\000-\000N\000e\000g\000a\000t\000i\000v\000e\000\040\000C\000o\000r\000p\000u\000s}{appendix.A}% 95
\BOOKMARK [1][-]{section.A.3}{\376\377\000I\000R\000\040\000D\000e\000t\000e\000c\000t\000o\000r\000\040\000C\000o\000r\000p\000u\000s}{appendix.A}% 96
\BOOKMARK [1][-]{section.A.4}{\376\377\000S\000v\000a\000n\000s\000t\000r\000\366\000m\000\040\000P\000a\000i\000r\000e\000d}{appendix.A}% 97
\BOOKMARK [1][-]{section.A.5}{\376\377\000A\000n\000t\000i\000-\000U\000A\000V\000\040\000R\000G\000B\000T}{appendix.A}% 98
\BOOKMARK [1][-]{section.A.6}{\376\377\000S\000e\000l\000C\000o\000m\000\040\000C\000C\000T\000V}{appendix.A}% 99
\BOOKMARK [1][-]{section.A.7}{\376\377\000R\000o\000b\000o\000f\000l\000o\000w\000\040\000O\000O\000D\000\040\000A\000u\000d\000i\000t}{appendix.A}% 100
\BOOKMARK [1][-]{section.A.8}{\376\377\000Y\000o\000u\000T\000u\000b\000e\000\040\000R\000e\000a\000l\000-\000V\000i\000d\000e\000o\000\040\000D\000i\000a\000g\000n\000o\000s\000t\000i\000c}{appendix.A}% 101
\BOOKMARK [1][-]{section.A.9}{\376\377\000L\000i\000c\000e\000n\000s\000i\000n\000g\000\040\000a\000n\000d\000\040\000E\000t\000h\000i\000c\000s}{appendix.A}% 102
\BOOKMARK [0][-]{appendix.B}{\376\377\000M\000o\000d\000e\000l\000s\000\040\000E\000v\000a\000l\000u\000a\000t\000e\000d}{}% 103
\BOOKMARK [0][-]{appendix.C}{\376\377\000G\000l\000o\000s\000s\000a\000r\000y\000\040\000o\000f\000\040\000A\000b\000b\000r\000e\000v\000i\000a\000t\000i\000o\000n\000s\000\040\000a\000n\000d\000\040\000S\000h\000o\000r\000t\000h\000a\000n\000d}{}% 104
\BOOKMARK [0][-]{appendix*.122}{\376\377\000B\000i\000b\000l\000i\000o\000g\000r\000a\000p\000h\000y}{}% 105
